<?xml version="1.0" encoding="UTF-8" ?>
<testsuites disabled="0" errors="0" failures="0" tests="1" time="0.003">
 <testsuite name="Test " timestamp="2018-07-01T21:07:55" hostname="localhost" time="0.003" errors="0" tests="1" skipped="0" disabled="0" failures="0">
  <testcase classname="Test " name="should something" time="0.003" />
 </testsuite>
</testsuites>