<?xml version="1.0" encoding="UTF-8" ?>
<testsuites disabled="0" errors="0" failures="0" tests="1" time="0.001">
 <testsuite name="AuthAPI" timestamp="2018-07-03T23:24:43" hostname="localhost" time="0.001" errors="0" tests="0" skipped="0" disabled="0" failures="0">
 </testsuite>
 <testsuite name="AuthAPI.signIn" timestamp="2018-07-03T23:24:43" hostname="localhost" time="0" errors="0" tests="1" skipped="1" disabled="0" failures="0">
  <testcase classname="AuthAPI.signIn" name="should return token with user data" time="0">
   <skipped />
  </testcase>
 </testsuite>
</testsuites>